[debug] [2022-05-19T06:05:52.684Z] ----------------------------------------------------------------------
[debug] [2022-05-19T06:05:52.686Z] Command:       C:\Program Files\nodejs\node.exe C:\Users\USER\AppData\Roaming\npm\node_modules\firebase-tools\lib\bin\firebase.js init
[debug] [2022-05-19T06:05:52.687Z] CLI Version:   11.0.0
[debug] [2022-05-19T06:05:52.687Z] Platform:      win32
[debug] [2022-05-19T06:05:52.687Z] Node Version:  v16.14.2
[debug] [2022-05-19T06:05:52.688Z] Time:          Wed May 18 2022 23:05:52 GMT-0700 (Pacific Daylight Time)
[debug] [2022-05-19T06:05:52.689Z] ----------------------------------------------------------------------
[debug] 
[debug] [2022-05-19T06:05:52.783Z] > command requires scopes: ["email","openid","https://www.googleapis.com/auth/cloudplatformprojects.readonly","https://www.googleapis.com/auth/firebase","https://www.googleapis.com/auth/cloud-platform"]
[debug] [2022-05-19T06:05:52.783Z] > authorizing via signed-in user (bentleyk009@gmail.com)
[info] 
     ######## #### ########  ######## ########     ###     ######  ########
     ##        ##  ##     ## ##       ##     ##  ##   ##  ##       ##
     ######    ##  ########  ######   ########  #########  ######  ######
     ##        ##  ##    ##  ##       ##     ## ##     ##       ## ##
     ##       #### ##     ## ######## ########  ##     ##  ######  ########

You're about to initialize a Firebase project in this directory:

  C:\Users\USER\Desktop\greenlife-hospital-react-website-main

Before we get started, keep in mind:

  * You are initializing within an existing Firebase project directory

[info] 
=== Project Setup
[info] 
[info] First, let's associate this project directory with a Firebase project.
[info] You can create multiple project aliases by running firebase use --add, 
[info] but for now we'll just set up a default project.
[info] 
[debug] [2022-05-19T06:07:36.303Z] Using project from CLI flag: greenlife-hospital
[debug] [2022-05-19T06:07:36.306Z] >>> [apiv2][query] GET https://firebase.googleapis.com/v1beta1/projects/greenlife-hospital [none]
[debug] [2022-05-19T06:07:37.370Z] <<< [apiv2][status] GET https://firebase.googleapis.com/v1beta1/projects/greenlife-hospital 403
[debug] [2022-05-19T06:07:37.371Z] <<< [apiv2][body] GET https://firebase.googleapis.com/v1beta1/projects/greenlife-hospital {"error":{"code":403,"message":"The caller does not have permission","status":"PERMISSION_DENIED"}}
[debug] [2022-05-19T06:07:37.372Z] HTTP Error: 403, The caller does not have permission
[debug] [2022-05-19T06:07:37.373Z] FirebaseError: HTTP Error: 403, The caller does not have permission
    at module.exports (C:\Users\USER\AppData\Roaming\npm\node_modules\firebase-tools\lib\responseToError.js:47:12)
    at RetryOperation._fn (C:\Users\USER\AppData\Roaming\npm\node_modules\firebase-tools\lib\apiv2.js:286:39)
    at processTicksAndRejections (node:internal/process/task_queues:96:5)
[error] 
[error] Error: Failed to get Firebase project greenlife-hospital. Please make sure the project exists and your account has permission to access it.
